c:\users\wojciech\documents\visual studio 2015\projects\elevatorsimulation\elevatorsimulation\debug\vc140.pdb
c:\users\wojciech\documents\visual studio 2015\projects\elevatorsimulation\elevatorsimulation\debug\person.obj
c:\users\wojciech\documents\visual studio 2015\projects\elevatorsimulation\elevatorsimulation\debug\mainform.obj
c:\users\wojciech\documents\visual studio 2015\projects\elevatorsimulation\elevatorsimulation\debug\elevator.obj
c:\users\wojciech\documents\visual studio 2015\projects\elevatorsimulation\elevatorsimulation\debug\.netframework,version=v4.5.2.assemblyattributes.obj
c:\users\wojciech\documents\visual studio 2015\projects\elevatorsimulation\elevatorsimulation\debug\.netframework,version=v4.5.2.assemblyattributes.asm
c:\users\wojciech\documents\visual studio 2015\projects\elevatorsimulation\elevatorsimulation\debug\elevatorsimulation.mainform.resources
c:\users\wojciech\documents\visual studio 2015\projects\elevatorsimulation\debug\elevatorsimulation.exe
c:\users\wojciech\documents\visual studio 2015\projects\elevatorsimulation\debug\elevatorsimulation.pdb
c:\users\wojciech\documents\visual studio 2015\projects\elevatorsimulation\elevatorsimulation\debug\elevatorsimulation.vcxproj.generateresource.cache
c:\users\wojciech\documents\visual studio 2015\projects\elevatorsimulation\elevatorsimulation\debug\elevator.0e81b7c9.tlog\cl.command.1.tlog
c:\users\wojciech\documents\visual studio 2015\projects\elevatorsimulation\elevatorsimulation\debug\elevator.0e81b7c9.tlog\cl.read.1.tlog
c:\users\wojciech\documents\visual studio 2015\projects\elevatorsimulation\elevatorsimulation\debug\elevator.0e81b7c9.tlog\cl.write.1.tlog
c:\users\wojciech\documents\visual studio 2015\projects\elevatorsimulation\elevatorsimulation\debug\elevator.0e81b7c9.tlog\elevatorsimulation.write.1u.tlog
c:\users\wojciech\documents\visual studio 2015\projects\elevatorsimulation\elevatorsimulation\debug\elevator.0e81b7c9.tlog\link.command.1.tlog
c:\users\wojciech\documents\visual studio 2015\projects\elevatorsimulation\elevatorsimulation\debug\elevator.0e81b7c9.tlog\link.read.1.tlog
c:\users\wojciech\documents\visual studio 2015\projects\elevatorsimulation\elevatorsimulation\debug\elevator.0e81b7c9.tlog\link.write.1.tlog
c:\users\wojciech\documents\visual studio 2015\projects\elevatorsimulation\elevatorsimulation\debug\elevator.0e81b7c9.tlog\metagen.read.1.tlog
c:\users\wojciech\documents\visual studio 2015\projects\elevatorsimulation\elevatorsimulation\debug\elevator.0e81b7c9.tlog\metagen.write.1.tlog
c:\users\wojciech\documents\visual studio 2015\projects\elevatorsimulation\elevatorsimulation\debug\elevator.0e81b7c9.tlog\tzres.dll.bi
